<?xml version="1.0" encoding="UTF-8"?>
<!-- Generated by org.testng.reporters.JUnitReportReporter -->
<testsuite hostname="DESKTOP-C9NFQ72" name="com.training.sanity.tests.PasswordChange_UFM_006" tests="3" failures="0" timestamp="6 May 2020 18:08:08 GMT" time="5.291" errors="0">
  <testcase name="changePassword" time="2.149" classname="com.training.sanity.tests.PasswordChange_UFM_006"/>
  <testcase name="AssertingSuccessMessage" time="0.532" classname="com.training.sanity.tests.PasswordChange_UFM_006"/>
  <testcase name="uniformLogin" time="2.610" classname="com.training.sanity.tests.PasswordChange_UFM_006"/>
</testsuite> <!-- com.training.sanity.tests.PasswordChange_UFM_006 -->
