<?xml version="1.0" encoding="UTF-8"?>
<!-- Generated by org.testng.reporters.JUnitReportReporter -->
<testsuite hostname="DESKTOP-C9NFQ72" name="com.training.sanity.tests.ModifyPersonalDetails_UFM_005" tests="3" failures="0" timestamp="6 May 2020 17:55:16 GMT" time="6.586" errors="0">
  <testcase name="uniformLogin" time="2.711" classname="com.training.sanity.tests.ModifyPersonalDetails_UFM_005"/>
  <testcase name="editingAccountInfo" time="3.337" classname="com.training.sanity.tests.ModifyPersonalDetails_UFM_005"/>
  <testcase name="AssertingSuccessMessage" time="0.538" classname="com.training.sanity.tests.ModifyPersonalDetails_UFM_005"/>
</testsuite> <!-- com.training.sanity.tests.ModifyPersonalDetails_UFM_005 -->
