<?xml version="1.0" encoding="UTF-8"?>
<!-- Generated by org.testng.reporters.JUnitReportReporter -->
<testsuite hostname="DESKTOP-C9NFQ72" name="com.training.sanity.tests.RealEstateTrashPostsTC16" tests="2" failures="0" timestamp="8 May 2020 15:40:25 GMT" time="14.949" errors="0">
  <testcase name="ValidateLoginTest" time="6.505" classname="com.training.sanity.tests.RealEstateTrashPostsTC16"/>
  <testcase name="ValidateTrashPost" time="8.444" classname="com.training.sanity.tests.RealEstateTrashPostsTC16"/>
</testsuite> <!-- com.training.sanity.tests.RealEstateTrashPostsTC16 -->
