<?xml version="1.0" encoding="UTF-8"?>
<!-- Generated by org.testng.reporters.JUnitReportReporter -->
<testsuite hostname="DESKTOP-C9NFQ72" name="com.training.sanity.tests.RETC_022_ChangeUserRoleByAdmin" tests="3" failures="0" timestamp="9 May 2020 17:29:47 GMT" time="36.645" errors="0">
  <testcase name="clickUsersLinkTest" time="6.700" classname="com.training.sanity.tests.RETC_022_ChangeUserRoleByAdmin"/>
  <testcase name="changeUserRoleTest" time="14.192" classname="com.training.sanity.tests.RETC_022_ChangeUserRoleByAdmin"/>
  <testcase name="adminLoginTest" time="15.753" classname="com.training.sanity.tests.RETC_022_ChangeUserRoleByAdmin"/>
</testsuite> <!-- com.training.sanity.tests.RETC_022_ChangeUserRoleByAdmin -->
