<?xml version="1.0" encoding="UTF-8"?>
<!-- Generated by org.testng.reporters.JUnitReportReporter -->
<testsuite hostname="DESKTOP-C9NFQ72" name="com.training.sanity.tests.OrderDetailsVerification_UFM_004" tests="2" failures="0" timestamp="6 May 2020 07:30:06 GMT" time="5.672" errors="0">
  <testcase name="validateOrderHistory" time="2.596" classname="com.training.sanity.tests.OrderDetailsVerification_UFM_004"/>
  <testcase name="uniformLogin" time="3.076" classname="com.training.sanity.tests.OrderDetailsVerification_UFM_004"/>
</testsuite> <!-- com.training.sanity.tests.OrderDetailsVerification_UFM_004 -->
