<?xml version="1.0" encoding="UTF-8"?>
<!-- Generated by org.testng.reporters.JUnitReportReporter -->
<testsuite hostname="DESKTOP-C9NFQ72" name="com.training.sanity.tests.OrderDetailsVerification" tests="2" failures="0" timestamp="6 May 2020 06:14:58 GMT" time="5.225" errors="0">
  <testcase name="validateOrderHistory" time="2.238" classname="com.training.sanity.tests.OrderDetailsVerification"/>
  <testcase name="uniformLogin" time="2.987" classname="com.training.sanity.tests.OrderDetailsVerification"/>
</testsuite> <!-- com.training.sanity.tests.OrderDetailsVerification -->
