<?xml version="1.0" encoding="UTF-8"?>
<!-- Generated by org.testng.reporters.JUnitReportReporter -->
<testsuite hostname="DESKTOP-C9NFQ72" name="com.training.sanity.tests.LoginTests2" tests="1" failures="0" timestamp="7 May 2020 05:47:32 GMT" time="40.508" errors="0">
  <testcase name="validLoginTest" time="40.508" classname="com.training.sanity.tests.LoginTests2"/>
</testsuite> <!-- com.training.sanity.tests.LoginTests2 -->
