<?xml version="1.0" encoding="UTF-8"?>
<!-- Generated by org.testng.reporters.JUnitReportReporter -->
<testsuite hostname="DESKTOP-C9NFQ72" name="com.training.sanity.tests.OrderHistory_UFM_004" tests="3" failures="0" timestamp="6 May 2020 17:51:07 GMT" time="5.330" errors="0">
  <testcase name="uniformLogin" time="2.804" classname="com.training.sanity.tests.OrderHistory_UFM_004"/>
  <testcase name="viewOrderHistory" time="1.990" classname="com.training.sanity.tests.OrderHistory_UFM_004"/>
  <testcase name="validateOrderHistory" time="0.536" classname="com.training.sanity.tests.OrderHistory_UFM_004"/>
</testsuite> <!-- com.training.sanity.tests.OrderHistory_UFM_004 -->
