<?xml version="1.0" encoding="UTF-8"?>
<!-- Generated by org.testng.reporters.JUnitReportReporter -->
<testsuite hostname="DESKTOP-C9NFQ72" failures="0" tests="1" name="practice.Basics" time="3.763" errors="0" timestamp="12 Jan 2020 14:55:17 GMT">
  <testcase classname="practice.Basics" name="Test" time="3.763"/>
</testsuite> <!-- practice.Basics -->
