<?xml version="1.0" encoding="UTF-8"?>
<!-- Generated by org.testng.reporters.JUnitReportReporter -->
<testsuite hostname="DESKTOP-C9NFQ72" failures="0" tests="1" name="practice.DeleteRequest" time="3.208" errors="0" timestamp="13 Jan 2020 07:44:59 GMT">
  <testcase classname="practice.DeleteRequest" name="AddandDeletePlace" time="3.208"/>
</testsuite> <!-- practice.DeleteRequest -->
