<?xml version="1.0" encoding="UTF-8"?>
<!-- Generated by org.testng.reporters.JUnitReportReporter -->
<testsuite hostname="DESKTOP-C9NFQ72" failures="0" tests="1" name="practice.GetRequest" time="4.243" errors="0" timestamp="13 Jan 2020 03:07:26 GMT">
  <testcase classname="practice.GetRequest" name="Test" time="4.243"/>
</testsuite> <!-- practice.GetRequest -->
