<?xml version="1.0" encoding="UTF-8"?>
<!-- Generated by org.testng.reporters.JUnitReportReporter -->
<testsuite hostname="DESKTOP-C9NFQ72" failures="0" tests="1" name="practice.Basics1" time="2.851" errors="0" timestamp="12 Jan 2020 14:55:34 GMT">
  <testcase classname="practice.Basics1" name="createPlaceAPI" time="2.851"/>
</testsuite> <!-- practice.Basics1 -->
