<?xml version="1.0" encoding="UTF-8"?>
<!-- Generated by org.testng.reporters.JUnitReportReporter -->
<testsuite hostname="DESKTOP-C9NFQ72" failures="0" tests="1" name="practice.Basics2" time="4.105" errors="0" timestamp="12 Jan 2020 18:04:29 GMT">
  <testcase classname="practice.Basics2" name="AddandDeletePlace" time="4.105"/>
</testsuite> <!-- practice.Basics2 -->
